<?xml version="1.0" encoding="UTF-8"?>
<testsuite xmlns:xsi="http://www.w3.org/2001/XMLSchema-instance" xsi:noNamespaceSchemaLocation="https://maven.apache.org/surefire/maven-surefire-plugin/xsd/surefire-test-report-3.0.xsd" version="3.0" name="LeapYearTest" time="0.136" tests="4" errors="0" skipped="0" failures="0">
  <properties>
[...]
</properties>
  <testcase name="LeapYear_divisible_by_400" classname="LeapYearTest" time="0.077"/>
  <testcase name="NotLeapYear_divisible_by_100_not_divisible_by_400" classname="LeapYearTest" time="0.003"/>
  <testcase name="LeapYear_divisible_by_4_but_not_by_100" classname="LeapYearTest" time="0.003"/>
  <testcase name="NotLeapYear_not_divisible_by_4" classname="LeapYearTest" time="0.001"/>
</testsuite>